生成启动时间为 2019/5/21 13:56:59。
     1>项目“D:\PJ\videoplay\playvideo\playvideo\playvideo.vcxproj”在节点 2 上(Build 个目标)。
     1>Link:
         D:\VS2013\VS\VC\bin\link.exe /ERRORREPORT:PROMPT /OUT:"D:\PJ\videoplay\playvideo\Release\playvideo.exe" /INCREMENTAL:NO /NOLOGO kernel32.lib user32.lib gdi32.lib winspool.lib comdlg32.lib advapi32.lib shell32.lib ole32.lib oleaut32.lib uuid.lib odbc32.lib odbccp32.lib /MANIFEST /MANIFESTUAC:"level='asInvoker' uiAccess='false'" /manifest:embed /DEBUG /PDB:"D:\PJ\videoplay\playvideo\Release\playvideo.pdb" /SUBSYSTEM:CONSOLE /OPT:REF /OPT:ICF /LTCG /TLBID:1 /DYNAMICBASE /NXCOMPAT /IMPLIB:"D:\PJ\videoplay\playvideo\Release\playvideo.lib" /MACHINE:X86 /SAFESEH Release\main.obj
     1>main.obj : error LNK2001: 无法解析的外部符号 "int __cdecl cv::waitKey(int)" (?waitKey@cv@@YAHH@Z)
     1>main.obj : error LNK2001: 无法解析的外部符号 "void __cdecl cv::absdiff(class cv::_InputArray const &,class cv::_InputArray const &,class cv::_OutputArray const &)" (?absdiff@cv@@YAXABV_InputArray@1@0ABV_OutputArray@1@@Z)
     1>main.obj : error LNK2001: 无法解析的外部符号 "int __cdecl cv::connectedComponentsWithStats(class cv::_InputArray const &,class cv::_OutputArray const &,class cv::_OutputArray const &,class cv::_OutputArray const &,int,int)" (?connectedComponentsWithStats@cv@@YAHABV_InputArray@1@ABV_OutputArray@1@11HH@Z)
     1>main.obj : error LNK2001: 无法解析的外部符号 "void __cdecl cv::fastFree(void *)" (?fastFree@cv@@YAXPAX@Z)
     1>main.obj : error LNK2001: 无法解析的外部符号 "public: void __thiscall cv::Mat::copySize(class cv::Mat const &)" (?copySize@Mat@cv@@QAEXABV12@@Z)
     1>main.obj : error LNK2001: 无法解析的外部符号 "public: void __thiscall cv::Mat::deallocate(void)" (?deallocate@Mat@cv@@QAEXXZ)
     1>main.obj : error LNK2001: 无法解析的外部符号 "public: static class cv::MatExpr __cdecl cv::Mat::zeros(class cv::Size_<int>,int)" (?zeros@Mat@cv@@SA?AVMatExpr@2@V?$Size_@H@2@H@Z)
     1>main.obj : error LNK2001: 无法解析的外部符号 "private: void __thiscall cv::String::deallocate(void)" (?deallocate@String@cv@@AAEXXZ)
     1>main.obj : error LNK2001: 无法解析的外部符号 "private: char * __thiscall cv::String::allocate(unsigned int)" (?allocate@String@cv@@AAEPADI@Z)
     1>main.obj : error LNK2001: 无法解析的外部符号 "void __cdecl cv::rectangle(class cv::Mat &,class cv::Rect_<int>,class cv::Scalar_<double> const &,int,int,int)" (?rectangle@cv@@YAXAAVMat@1@V?$Rect_@H@1@ABV?$Scalar_@N@1@HHH@Z)
     1>main.obj : error LNK2001: 无法解析的外部符号 "double __cdecl cv::threshold(class cv::_InputArray const &,class cv::_OutputArray const &,double,double,int)" (?threshold@cv@@YANABV_InputArray@1@ABV_OutputArray@1@NNH@Z)
     1>main.obj : error LNK2001: 无法解析的外部符号 "public: virtual double __thiscall cv::VideoCapture::get(int)const " (?get@VideoCapture@cv@@UBENH@Z)
     1>main.obj : error LNK2001: 无法解析的外部符号 "public: virtual void __thiscall cv::VideoCapture::release(void)" (?release@VideoCapture@cv@@UAEXXZ)
     1>main.obj : error LNK2001: 无法解析的外部符号 "public: virtual bool __thiscall cv::VideoCapture::isOpened(void)const " (?isOpened@VideoCapture@cv@@UBE_NXZ)
     1>main.obj : error LNK2001: 无法解析的外部符号 "public: virtual bool __thiscall cv::VideoCapture::open(class cv::String const &)" (?open@VideoCapture@cv@@UAE_NABVString@2@@Z)
     1>main.obj : error LNK2001: 无法解析的外部符号 "public: virtual __thiscall cv::VideoCapture::~VideoCapture(void)" (??1VideoCapture@cv@@UAE@XZ)
     1>main.obj : error LNK2001: 无法解析的外部符号 "public: __thiscall cv::VideoCapture::VideoCapture(void)" (??0VideoCapture@cv@@QAE@XZ)
     1>main.obj : error LNK2001: 无法解析的外部符号 "class cv::Mat __cdecl cv::getStructuringElement(int,class cv::Size_<int>,class cv::Point_<int>)" (?getStructuringElement@cv@@YA?AVMat@1@HV?$Size_@H@1@V?$Point_@H@1@@Z)
     1>main.obj : error LNK2001: 无法解析的外部符号 "void __cdecl cv::morphologyEx(class cv::_InputArray const &,class cv::_OutputArray const &,int,class cv::_InputArray const &,class cv::Point_<int>,int,int,class cv::Scalar_<double> const &)" (?morphologyEx@cv@@YAXABV_InputArray@1@ABV_OutputArray@1@H0V?$Point_@H@1@HHABV?$Scalar_@N@1@@Z)
     1>main.obj : error LNK2001: 无法解析的外部符号 "void __cdecl cv::cvtColor(class cv::_InputArray const &,class cv::_OutputArray const &,int,int)" (?cvtColor@cv@@YAXABV_InputArray@1@ABV_OutputArray@1@HH@Z)
     1>main.obj : error LNK2001: 无法解析的外部符号 "void __cdecl cv::imshow(class cv::String const &,class cv::_InputArray const &)" (?imshow@cv@@YAXABVString@1@ABV_InputArray@1@@Z)
     1>main.obj : error LNK2001: 无法解析的外部符号 "void __cdecl cv::calcHist(class cv::Mat const *,int,int const *,class cv::_InputArray const &,class cv::_OutputArray const &,int,int const *,float const * *,bool,bool)" (?calcHist@cv@@YAXPBVMat@1@HPBHABV_InputArray@1@ABV_OutputArray@1@H1PAPBM_N5@Z)
     1>D:\PJ\videoplay\playvideo\Release\playvideo.exe : fatal error LNK1120: 22 个无法解析的外部命令
     1>已完成生成项目“D:\PJ\videoplay\playvideo\playvideo\playvideo.vcxproj”(Build 个目标)的操作 - 失败。

生成失败。

已用时间 00:00:00.45
